<?xml version="1.0" encoding="UTF-8"?>
<testng-results skipped="0" failed="0" total="2" passed="2">
  <reporter-output>
  </reporter-output>
  <suite name="Default suite" duration-ms="60148" started-at="2018-03-03T12:08:05Z" finished-at="2018-03-03T12:09:05Z">
    <groups>
    </groups>
    <test name="Default test" duration-ms="60148" started-at="2018-03-03T12:08:05Z" finished-at="2018-03-03T12:09:05Z">
      <class name="guruBank_Test.NewTest">
        <test-method status="PASS" signature="beforeTest()[pri:0, instance:guruBank_Test.NewTest@59ec2012]" name="beforeTest" is-config="true" duration-ms="37379" started-at="2018-03-03T17:38:05Z" finished-at="2018-03-03T17:38:43Z">
          <reporter-output>
          </reporter-output>
        </test-method> <!-- beforeTest -->
        <test-method status="PASS" signature="Website_Page()[pri:0, instance:guruBank_Test.NewTest@59ec2012]" name="Website_Page" duration-ms="9444" started-at="2018-03-03T17:38:43Z" finished-at="2018-03-03T17:38:52Z">
          <reporter-output>
          </reporter-output>
        </test-method> <!-- Website_Page -->
        <test-method status="PASS" signature="Login()[pri:0, instance:guruBank_Test.NewTest@59ec2012]" name="Login" duration-ms="8154" started-at="2018-03-03T17:38:52Z" finished-at="2018-03-03T17:39:00Z">
          <reporter-output>
          </reporter-output>
        </test-method> <!-- Login -->
        <test-method status="PASS" signature="afterTest()[pri:0, instance:guruBank_Test.NewTest@59ec2012]" name="afterTest" is-config="true" duration-ms="5121" started-at="2018-03-03T17:39:00Z" finished-at="2018-03-03T17:39:05Z">
          <reporter-output>
          </reporter-output>
        </test-method> <!-- afterTest -->
      </class> <!-- guruBank_Test.NewTest -->
    </test> <!-- Default test -->
  </suite> <!-- Default suite -->
</testng-results>
